TN:
SF:script/Counter.s.sol
FN:7,CounterScript.setUp
FNDA:0,CounterScript.setUp
FN:9,CounterScript.run
FNDA:0,CounterScript.run
DA:10,0
FNF:2
FNH:0
LF:1
LH:0
BRF:0
BRH:0
end_of_record
TN:
SF:src/History.sol
FN:101,History.changeStreamContract
FNDA:0,History.changeStreamContract
DA:102,0
BRDA:102,0,0,-
BRDA:102,0,1,-
DA:103,0
FN:115,History.getNumberOfArray
FNDA:0,History.getNumberOfArray
DA:116,0
FN:158,History.addStream
FNDA:541,History.addStream
DA:173,541
DA:188,541
DA:189,541
FN:194,History.getHistoryStream
FNDA:55,History.getHistoryStream
DA:195,55
FN:201,History.addWithdraw
FNDA:3,History.addWithdraw
DA:202,3
DA:203,3
FN:210,History.addCancel
FNDA:4,History.addCancel
DA:211,4
DA:212,4
DA:213,4
FN:217,History.addUserId
FNDA:1082,History.addUserId
DA:218,1082
FN:40,Ownable.owner
FNDA:0,Ownable.owner
DA:41,0
FN:47,Ownable._checkOwner
FNDA:0,Ownable._checkOwner
DA:48,0
BRDA:48,0,0,-
BRDA:48,0,1,-
FN:58,Ownable.renounceOwnership
FNDA:0,Ownable.renounceOwnership
DA:59,0
FN:66,Ownable.transferOwnership
FNDA:0,Ownable.transferOwnership
DA:67,0
BRDA:67,1,0,-
BRDA:67,1,1,-
DA:68,0
FN:75,Ownable._transferOwnership
FNDA:0,Ownable._transferOwnership
DA:76,0
DA:77,0
DA:78,0
FN:6,Context._msgSender
FNDA:0,Context._msgSender
DA:7,0
FN:10,Context._msgData
FNDA:0,Context._msgData
DA:11,0
FNF:14
FNH:5
LF:23
LH:10
BRF:6
BRH:0
end_of_record
TN:
SF:src/Stream.sol
FN:168,Pausable.paused
FNDA:0,Pausable.paused
DA:169,549
FN:203,Pausable.pause
FNDA:4,Pausable.pause
DA:204,3
DA:205,3
FN:215,Pausable.unpause
FNDA:2,Pausable.unpause
DA:216,1
DA:217,1
FN:103,Ownable.owner
FNDA:0,Ownable.owner
DA:104,13
FN:110,Ownable._checkOwner
FNDA:13,Ownable._checkOwner
DA:111,13
BRDA:111,0,0,3
BRDA:111,0,1,10
FN:121,Ownable.renounceOwnership
FNDA:0,Ownable.renounceOwnership
DA:122,0
FN:129,Ownable.transferOwnership
FNDA:0,Ownable.transferOwnership
DA:130,0
BRDA:130,1,0,-
BRDA:130,1,1,-
DA:131,0
FN:138,Ownable._transferOwnership
FNDA:0,Ownable._transferOwnership
DA:139,0
DA:140,0
DA:141,0
FN:326,MyStream.createStream
FNDA:545,MyStream.createStream
DA:328,544
DA:330,543
DA:331,542
BRDA:331,0,0,-
BRDA:331,0,1,542
DA:332,542
DA:336,542
BRDA:336,1,0,1
BRDA:336,1,1,542
DA:337,1
DA:339,542
BRDA:339,2,0,-
BRDA:339,2,1,542
DA:340,542
BRDA:340,3,0,-
BRDA:340,3,1,542
DA:341,542
BRDA:341,4,0,-
BRDA:341,4,1,542
DA:342,542
BRDA:342,5,0,-
BRDA:342,5,1,542
DA:343,542
BRDA:343,6,0,-
BRDA:343,6,1,542
DA:344,542
BRDA:344,7,0,1
BRDA:344,7,1,541
DA:345,541
BRDA:345,8,0,-
BRDA:345,8,1,541
DA:346,541
BRDA:346,9,0,-
BRDA:346,9,1,541
DA:348,541
DA:351,541
DA:355,541
BRDA:355,10,0,-
BRDA:355,10,1,541
DA:359,541
DA:361,541
BRDA:361,11,0,5
BRDA:361,11,1,536
DA:362,5
DA:366,536
DA:369,541
DA:373,541
DA:374,541
DA:384,541
DA:389,541
DA:403,541
DA:405,541
FN:408,MyStream.feeCharge
FNDA:257,MyStream.feeCharge
DA:409,1342
DA:410,1341
DA:411,1341
FN:420,MyStream.changeFeeParameters
FNDA:6,MyStream.changeFeeParameters
DA:421,5
BRDA:421,12,0,1
BRDA:421,12,1,4
DA:422,4
BRDA:422,13,0,-
BRDA:422,13,1,4
DA:423,4
BRDA:423,14,0,-
BRDA:423,14,1,4
DA:424,4
BRDA:424,15,0,1
BRDA:424,15,1,3
DA:425,3
BRDA:425,16,0,1
BRDA:425,16,1,2
DA:426,2
BRDA:426,17,0,1
BRDA:426,17,1,1
DA:427,1
DA:428,1
DA:429,1
FN:434,MyStream.calculateFee
FNDA:8,MyStream.calculateFee
DA:436,1350
BRDA:436,18,0,597
BRDA:436,18,1,753
DA:437,597
DA:439,753
BRDA:439,19,0,48
BRDA:439,19,1,705
DA:440,48
DA:443,705
BRDA:443,20,0,704
BRDA:443,20,1,1
DA:444,704
DA:446,1
FN:452,MyStream.setFix
FNDA:0,MyStream.setFix
DA:453,0
BRDA:453,21,0,-
BRDA:453,21,1,-
DA:454,0
FN:460,MyStream.distribute
FNDA:541,MyStream.distribute
DA:461,541
DA:462,541
DA:463,541
BRDA:463,22,0,-
BRDA:463,22,1,541
DA:464,541
DA:465,541
BRDA:465,23,0,-
BRDA:465,23,1,541
FN:469,MyStream.addToHistory
FNDA:541,MyStream.addToHistory
DA:481,541
FN:495,MyStream.noContracts
FNDA:544,MyStream.noContracts
DA:496,544
DA:498,544
DA:500,544
BRDA:500,24,0,1
BRDA:500,24,1,543
FN:504,MyStream.getStream
FNDA:0,MyStream.getStream
DA:505,0
FN:510,MyStream.cancelStream
FNDA:5,MyStream.cancelStream
DA:517,5
DA:519,4
FN:523,MyStream.cancelStreamInternal
FNDA:5,MyStream.cancelStreamInternal
DA:525,5
DA:527,5
DA:529,5
BRDA:529,25,0,1
BRDA:529,25,1,4
DA:530,4
BRDA:530,26,0,-
BRDA:530,26,1,4
DA:533,4
BRDA:533,27,0,-
BRDA:533,27,1,4
DA:534,0
DA:536,4
BRDA:536,28,0,-
BRDA:536,28,1,4
DA:537,0
DA:541,4
DA:542,4
DA:547,4
DA:550,4
BRDA:550,29,0,-
BRDA:550,29,1,4
DA:551,4
DA:552,4
BRDA:552,30,0,-
BRDA:552,30,1,4
DA:556,4
BRDA:556,31,0,-
BRDA:556,31,1,4
DA:557,4
DA:558,4
BRDA:558,32,0,-
BRDA:558,32,1,4
FN:563,MyStream.balanceOf
FNDA:0,MyStream.balanceOf
DA:564,12
DA:565,12
DA:566,12
DA:568,12
DA:569,12
DA:576,12
BRDA:576,33,0,1
BRDA:576,33,1,12
DA:577,1
DA:579,1
DA:583,12
BRDA:583,34,0,8
BRDA:583,34,1,4
DA:584,4
BRDA:584,35,0,4
BRDA:584,35,1,-
DA:585,4
DA:587,4
DA:589,0
FN:592,MyStream.deltaOf
FNDA:12,MyStream.deltaOf
DA:594,12
DA:596,12
BRDA:596,36,0,-
BRDA:596,36,1,12
DA:598,12
BRDA:598,37,0,8
BRDA:598,37,1,4
DA:600,4
FN:606,MyStream.withdrawFromStream
FNDA:11,MyStream.withdrawFromStream
DA:613,7
BRDA:613,38,0,2
BRDA:613,38,1,5
DA:616,5
DA:617,5
BRDA:617,39,0,1
BRDA:617,39,1,4
DA:618,4
DA:620,4
BRDA:620,40,0,1
BRDA:620,40,1,3
DA:621,3
DA:622,3
DA:624,3
DA:626,3
FN:629,MyStream.withdrawFromStreamInternal
FNDA:3,MyStream.withdrawFromStreamInternal
DA:630,3
DA:632,3
DA:634,3
DA:635,3
DA:637,3
BRDA:637,41,0,-
BRDA:637,41,1,3
DA:639,3
DA:640,3
BRDA:640,42,0,-
BRDA:640,42,1,3
FN:655,MyStream.withdrawFeeForHolders
FNDA:1,MyStream.withdrawFeeForHolders
DA:656,1
BRDA:656,43,0,-
BRDA:656,43,1,1
DA:657,1
BRDA:657,44,0,-
BRDA:657,44,1,1
DA:658,1
DA:659,1
DA:660,1
BRDA:660,45,0,-
BRDA:660,45,1,1
DA:662,1
DA:663,1
FN:69,Context._msgSender
FNDA:13,Context._msgSender
DA:70,13
FN:73,Context._msgData
FNDA:0,Context._msgData
DA:74,0
FNF:26
FNH:17
LF:133
LH:120
BRF:96
BRH:65
end_of_record
